[2024-03-16 13:37:33] [2024-03-16 13:37:33] Sistema generado con éxito
[2024-03-16 13:37:34] Cierre de la partida[2024-03-16 13:37:34] Partida guardada en: saves\Alex.save.save
[2024-03-16 13:37:34] Partida guardada
[2024-03-16 13:39:08] [2024-03-16 13:39:08] Sistema generado con éxito
[2024-03-16 13:39:09] Cierre de la partida[2024-03-16 13:39:09] Partida guardada en: saves\Alex.save.save
[2024-03-16 13:39:09] Partida guardada
[2024-03-16 13:42:26] [2024-03-16 13:42:26] Sistema generado con éxito
[2024-03-16 13:43:29] [2024-03-16 13:43:29] Sistema generado con éxito
[2024-03-16 13:43:32] Fin del día0
[2024-03-16 13:43:32] Fin del día1
[2024-03-16 13:43:32] Fin del día2
[2024-03-16 13:43:32] Fin del día3
[2024-03-16 13:43:32] Fin del día4
[2024-03-16 13:43:32] Fin del día5
[2024-03-16 13:43:32] Fin del día6
[2024-03-16 13:43:32] Fin del día7
[2024-03-16 13:43:32] Fin del día8
[2024-03-16 13:43:32] Fin del día9
[2024-03-16 13:43:48] Fin del día10
[2024-03-16 13:44:01] Fin del día11
[2024-03-16 13:44:52] Fin del día12
[2024-03-16 13:44:57] Fin del día13
[2024-03-16 13:44:59] Fin del día14
[2024-03-16 13:45:02] Fin del día15
[2024-03-16 13:45:05] Fin del día16
[2024-03-16 13:45:19] Fin del día17
[2024-03-16 13:45:21] Fin del día18
[2024-03-16 13:45:22] Fin del día19
[2024-03-16 13:46:58] [2024-03-16 13:46:58] Sistema generado con éxito
[2024-03-16 13:47:05] Fin del día0
[2024-03-16 13:47:06] Fin del día1
[2024-03-16 13:47:06] Fin del día2
[2024-03-16 13:47:06] Fin del día3
[2024-03-16 13:47:07] Fin del día4
[2024-03-16 13:47:07] Fin del día5
[2024-03-16 13:47:07] Fin del día6
[2024-03-16 13:47:07] Fin del día7
[2024-03-16 13:47:07] Fin del día8
[2024-03-16 13:47:08] Fin del día9
[2024-03-16 13:48:08] [2024-03-16 13:48:08] Sistema generado con éxito
[2024-03-16 13:48:14] Fin del día0
[2024-03-16 13:48:14] Fin del día1
[2024-03-16 13:48:14] Fin del día2
[2024-03-16 13:48:15] Fin del día3
[2024-03-16 13:48:15] Fin del día4
[2024-03-16 13:48:15] Fin del día5
[2024-03-16 13:48:15] Fin del día6
[2024-03-16 13:48:15] Fin del día7
[2024-03-16 13:48:15] Fin del día8
[2024-03-16 13:48:16] Fin del día9
[2024-03-16 13:48:17] Fin del día10
[2024-03-16 13:48:18] Fin del día11
[2024-03-16 13:49:05] Fin del día12
[2024-03-16 13:49:06] Fin del día13
[2024-03-16 13:49:08] Fin del día14
[2024-03-16 13:49:09] Fin del día15
[2024-03-16 13:49:13] Fin del día16
[2024-03-16 13:49:14] Fin del día17
[2024-03-16 13:49:16] Fin del día18
[2024-03-16 13:49:18] Fin del día19
[2024-03-16 13:49:30] Fin del día20
[2024-03-16 13:50:06] Fin del día21
[2024-03-16 13:50:07] Fin del día22
[2024-03-16 13:50:10] Cierre de la partida[2024-03-16 13:50:10] Partida guardada en: saves\Alex.save.save
[2024-03-16 13:50:10] Partida guardada
[2024-03-16 16:07:54] 
[2024-03-16 16:07:54] Sistema generado con éxito

[2024-03-16 16:09:30] 
[2024-03-16 16:09:30] Sistema generado con éxito

[2024-03-16 16:20:52] Cierre de la partida
[2024-03-16 16:20:52] Partida guardada en: saves\Alex.save.save

[2024-03-16 16:20:52] Partida guardada

[2024-03-16 16:28:38] 
[2024-03-16 16:28:38] Sistema generado con éxito

[2024-03-16 16:30:18] 
[2024-03-16 16:30:18] Sistema generado con éxito

[2024-03-16 16:30:35] Fin del día23

[2024-03-16 16:30:35] Fin del día24

[2024-03-16 16:30:35] Fin del día25

[2024-03-16 16:30:35] Fin del día26

[2024-03-16 16:30:35] Fin del día27

[2024-03-16 16:30:35] Fin del día28

[2024-03-16 16:30:35] Fin del día29

[2024-03-16 16:30:35] Generado el pedido con referencia 1
[2024-03-16 16:30:35] Fin del día30

[2024-03-16 16:30:35] Fin del día31

[2024-03-16 16:30:35] Fin del día32

[2024-03-16 16:40:05] Cierre de la partida
[2024-03-16 16:40:05] Partida guardada en: saves\Alex.save.save

[2024-03-16 16:40:05] Partida guardada

[2024-03-16 17:06:55] 
[2024-03-16 17:06:55] Sistema generado con éxito

[2024-03-16 17:07:35] Cierre de la partida
[2024-03-16 17:07:35] Partida guardada en: saves\Alex.save.save

[2024-03-16 17:07:35] Partida guardada

[2024-03-16 17:07:38] 
[2024-03-16 17:07:38] Sistema generado con éxito

[2024-03-16 17:07:46] Cierre de la partida
[2024-03-16 17:07:46] Partida guardada en: saves\Alex.save.save

[2024-03-16 17:07:46] Partida guardada

[2024-03-16 18:05:00] 
[2024-03-16 18:05:00] Sistema generado con éxito

