[2024-03-16 13:53:25] [2024-03-16 13:53:25] Inicio de la simulación ikhasvgedf.
[2024-03-16 13:53:25] Piscifactoría inicial: khasvsdf.
[2024-03-16 13:53:33] Fin del día0
[2024-03-16 13:53:33] Fin del día1
[2024-03-16 13:53:33] Fin del día2
[2024-03-16 13:53:33] Fin del día3
[2024-03-16 13:53:33] Fin del día4
[2024-03-16 13:53:33] Fin del día5
[2024-03-16 13:53:33] Fin del día6
[2024-03-16 13:53:33] Fin del día7
[2024-03-16 13:53:33] Fin del día8
[2024-03-16 13:53:33] Fin del día9
[2024-03-16 13:53:33] Fin del día10
[2024-03-16 13:53:33] Fin del día11
[2024-03-16 13:53:33] Fin del día12
[2024-03-16 13:53:33] Fin del día13
[2024-03-16 13:53:33] Fin del día14
[2024-03-16 13:59:10] Cierre de la partida[2024-03-16 13:59:10] Partida guardada en: saves\ikhasvgedf.save.save
[2024-03-16 13:59:10] Partida guardada
[2024-03-16 13:59:15] [2024-03-16 13:59:15] Sistema generado con éxito
[2024-03-16 13:59:17] Fin del día15
[2024-03-16 13:59:17] Fin del día16
[2024-03-16 13:59:17] Fin del día17
[2024-03-16 13:59:17] Fin del día18
[2024-03-16 13:59:17] Fin del día19
[2024-03-16 13:59:17] Fin del día20
[2024-03-16 13:59:17] Fin del día21
[2024-03-16 13:59:17] Fin del día22
[2024-03-16 13:59:17] Fin del día23
[2024-03-16 13:59:17] Fin del día24
[2024-03-16 13:59:40] Cierre de la partida[2024-03-16 13:59:40] Partida guardada en: saves\ikhasvgedf.save.save
[2024-03-16 13:59:40] Partida guardada
[2024-03-16 13:59:45] [2024-03-16 13:59:45] Sistema generado con éxito
[2024-03-16 13:59:48] Fin del día25
[2024-03-16 13:59:48] Fin del día26
[2024-03-16 13:59:48] Fin del día27
[2024-03-16 13:59:48] Fin del día28
[2024-03-16 13:59:48] Fin del día29
[2024-03-16 13:59:48] Generado el pedido con referencia 4[2024-03-16 13:59:48] Fin del día30
[2024-03-16 13:59:48] Fin del día31
[2024-03-16 13:59:48] Fin del día32
[2024-03-16 13:59:48] Fin del día33
[2024-03-16 13:59:48] Fin del día34
[2024-03-16 13:59:48] Fin del día35
[2024-03-16 13:59:48] Fin del día36
[2024-03-16 13:59:48] Fin del día37
[2024-03-16 13:59:48] Fin del día38
[2024-03-16 13:59:48] Fin del día39
[2024-03-16 13:59:48] Generado el pedido con referencia 5[2024-03-16 13:59:48] Fin del día40
[2024-03-16 13:59:48] Fin del día41
[2024-03-16 13:59:48] Fin del día42
[2024-03-16 13:59:48] Fin del día43
[2024-03-16 13:59:48] Fin del día44
[2024-03-16 14:16:14] Cierre de la partida[2024-03-16 14:16:14] Partida guardada en: saves\ikhasvgedf.save.save
[2024-03-16 14:16:14] Partida guardada
[2024-03-16 16:40:10] 
[2024-03-16 16:40:10] Sistema generado con éxito

[2024-03-16 16:49:09] Cierre de la partida
[2024-03-16 16:49:09] Partida guardada en: saves\ikhasvgedf.save.save

[2024-03-16 16:49:09] Partida guardada

[2024-03-16 16:49:12] 
[2024-03-16 16:49:12] Sistema generado con éxito

[2024-03-16 16:49:24] Cierre de la partida
[2024-03-16 16:49:24] Partida guardada en: saves\ikhasvgedf.save.save

[2024-03-16 16:49:24] Partida guardada

