[2024-03-16 17:34:53] 
[2024-03-16 17:34:53] Inicio de la simulación pruebas.

[2024-03-16 17:34:53] Piscifactoría inicial: pisc1.

[2024-03-16 17:35:09] Añadidas 1000 monedas a través de la opción oculta.
[2024-03-16 17:35:10] Añadidas 1000 monedas a través de la opción oculta.
[2024-03-16 17:35:10] Añadidas 1000 monedas a través de la opción oculta.
[2024-03-16 17:35:10] Añadidas 1000 monedas a través de la opción oculta.
[2024-03-16 17:35:11] Añadidas 1000 monedas a través de la opción oculta.
[2024-03-16 17:35:11] Añadidas 1000 monedas a través de la opción oculta.
[2024-03-16 17:35:11] Añadidas 1000 monedas a través de la opción oculta.
[2024-03-16 17:35:12] Añadidas 1000 monedas a través de la opción oculta.
[2024-03-16 17:37:47] Cierre de la partida
[2024-03-16 17:37:47] Partida guardada en: saves\pruebas.save.save

[2024-03-16 17:37:47] Partida guardada

[2024-03-16 17:38:49] 
[2024-03-16 17:38:49] Sistema generado con éxito

[2024-03-16 17:39:44] Cierre de la partida
[2024-03-16 17:39:44] Partida guardada en: saves\pruebas.save.save

[2024-03-16 17:39:44] Partida guardada

[2024-03-16 17:40:14] 
[2024-03-16 17:40:14] Sistema generado con éxito

[2024-03-16 17:41:16] Cierre de la partida
[2024-03-16 17:41:16] Partida guardada en: saves\pruebas.save.save

[2024-03-16 17:41:16] Partida guardada

[2024-03-16 18:02:15] 
[2024-03-16 18:02:15] Sistema generado con éxito

[2024-03-16 18:02:44] 
[2024-03-16 18:02:44] Sistema generado con éxito

[2024-03-16 18:06:08] 
[2024-03-16 18:06:08] Sistema generado con éxito

[2024-03-16 18:07:44] 
[2024-03-16 18:07:44] Sistema generado con éxito

[2024-03-16 18:09:16] Cierre de la partida
[2024-03-16 18:09:16] Partida guardada en: saves\pruebas.save.save

[2024-03-16 18:09:16] Partida guardada

